<?xml version="1.0" encoding="UTF-8"?>
<coverage generated="1589812020086" clover="3.2.0">
  <project timestamp="1589812020086" name="All files">
    <metrics statements="144" coveredstatements="102" conditionals="58" coveredconditionals="19" methods="52" coveredmethods="46" elements="254" coveredelements="167" complexity="0" loc="144" ncloc="144" packages="2" files="5" classes="5"/>
    <package name="src">
      <metrics statements="136" coveredstatements="95" conditionals="58" coveredconditionals="19" methods="51" coveredmethods="46"/>
      <file name="OpenWeather.ts" path="/Users/shimphillip/Documents/github/openweathermap-ts/src/OpenWeather.ts">
        <metrics statements="91" coveredstatements="58" conditionals="58" coveredconditionals="19" methods="26" coveredmethods="21"/>
        <line num="1" count="2" type="stmt"/>
        <line num="14" count="2" type="stmt"/>
        <line num="16" count="2" type="stmt"/>
        <line num="22" count="2" type="stmt"/>
        <line num="23" count="4" type="cond" truecount="1" falsecount="1"/>
        <line num="24" count="4" type="cond" truecount="1" falsecount="1"/>
        <line num="26" count="2" type="stmt"/>
        <line num="31" count="2" type="stmt"/>
        <line num="37" count="2" type="stmt"/>
        <line num="46" count="2" type="stmt"/>
        <line num="47" count="1" type="stmt"/>
        <line num="50" count="2" type="stmt"/>
        <line num="51" count="1" type="stmt"/>
        <line num="54" count="2" type="stmt"/>
        <line num="55" count="0" type="stmt"/>
        <line num="58" count="2" type="stmt"/>
        <line num="59" count="2" type="stmt"/>
        <line num="60" count="2" type="stmt"/>
        <line num="61" count="2" type="stmt"/>
        <line num="63" count="2" type="stmt"/>
        <line num="71" count="2" type="stmt"/>
        <line num="72" count="0" type="stmt"/>
        <line num="75" count="2" type="stmt"/>
        <line num="76" count="0" type="stmt"/>
        <line num="83" count="2" type="stmt"/>
        <line num="84" count="0" type="stmt"/>
        <line num="91" count="2" type="stmt"/>
        <line num="92" count="1" type="stmt"/>
        <line num="99" count="2" type="stmt"/>
        <line num="100" count="1" type="stmt"/>
        <line num="114" count="2" type="stmt"/>
        <line num="115" count="3" type="stmt"/>
        <line num="118" count="2" type="stmt"/>
        <line num="119" count="3" type="stmt"/>
        <line num="128" count="2" type="stmt"/>
        <line num="129" count="0" type="stmt"/>
        <line num="131" count="0" type="stmt"/>
        <line num="140" count="3" type="stmt"/>
        <line num="141" count="3" type="stmt"/>
        <line num="143" count="3" type="cond" truecount="7" falsecount="1"/>
        <line num="144" count="3" type="stmt"/>
        <line num="149" count="0" type="cond" truecount="0" falsecount="6"/>
        <line num="150" count="0" type="cond" truecount="0" falsecount="6"/>
        <line num="151" count="0" type="stmt"/>
        <line num="154" count="0" type="cond" truecount="0" falsecount="2"/>
        <line num="157" count="0" type="stmt"/>
        <line num="159" count="0" type="stmt"/>
        <line num="160" count="0" type="stmt"/>
        <line num="162" count="0" type="stmt"/>
        <line num="164" count="3" type="stmt"/>
        <line num="169" count="2" type="stmt"/>
        <line num="170" count="2" type="stmt"/>
        <line num="172" count="2" type="stmt"/>
        <line num="174" count="2" type="cond" truecount="3" falsecount="1"/>
        <line num="175" count="2" type="stmt"/>
        <line num="180" count="0" type="cond" truecount="0" falsecount="2"/>
        <line num="182" count="0" type="stmt"/>
        <line num="183" count="0" type="stmt"/>
        <line num="185" count="0" type="stmt"/>
        <line num="186" count="0" type="stmt"/>
        <line num="188" count="0" type="stmt"/>
        <line num="190" count="2" type="stmt"/>
        <line num="195" count="3" type="stmt"/>
        <line num="196" count="3" type="stmt"/>
        <line num="197" count="3" type="stmt"/>
        <line num="198" count="3" type="stmt"/>
        <line num="200" count="3" type="stmt"/>
        <line num="202" count="3" type="cond" truecount="1" falsecount="1"/>
        <line num="207" count="3" type="stmt"/>
        <line num="212" count="0" type="cond" truecount="0" falsecount="2"/>
        <line num="213" count="0" type="cond" truecount="0" falsecount="2"/>
        <line num="215" count="0" type="stmt"/>
        <line num="216" count="0" type="stmt"/>
        <line num="218" count="0" type="stmt"/>
        <line num="219" count="0" type="stmt"/>
        <line num="221" count="0" type="stmt"/>
        <line num="223" count="3" type="stmt"/>
        <line num="228" count="2" type="stmt"/>
        <line num="233" count="2" type="stmt"/>
        <line num="235" count="2" type="stmt"/>
        <line num="237" count="2" type="cond" truecount="3" falsecount="1"/>
        <line num="238" count="2" type="stmt"/>
        <line num="243" count="0" type="cond" truecount="0" falsecount="2"/>
        <line num="245" count="0" type="cond" truecount="0" falsecount="2"/>
        <line num="246" count="0" type="stmt"/>
        <line num="248" count="0" type="stmt"/>
        <line num="249" count="0" type="stmt"/>
        <line num="251" count="0" type="stmt"/>
        <line num="253" count="2" type="stmt"/>
        <line num="257" count="2" type="stmt"/>
        <line num="259" count="2" type="stmt"/>
      </file>
      <file name="app.ts" path="/Users/shimphillip/Documents/github/openweathermap-ts/src/app.ts">
        <metrics statements="45" coveredstatements="37" conditionals="0" coveredconditionals="0" methods="25" coveredmethods="25"/>
        <line num="1" count="2" type="stmt"/>
        <line num="8" count="2" type="stmt"/>
        <line num="10" count="2" type="stmt"/>
        <line num="11" count="2" type="stmt"/>
        <line num="14" count="2" type="stmt"/>
        <line num="16" count="2" type="stmt"/>
        <line num="20" count="0" type="stmt"/>
        <line num="22" count="2" type="stmt"/>
        <line num="27" count="2" type="stmt"/>
        <line num="30" count="1" type="stmt"/>
        <line num="32" count="1" type="stmt"/>
        <line num="36" count="0" type="stmt"/>
        <line num="38" count="1" type="stmt"/>
        <line num="43" count="2" type="stmt"/>
        <line num="47" count="2" type="stmt"/>
        <line num="49" count="2" type="stmt"/>
        <line num="55" count="0" type="stmt"/>
        <line num="57" count="2" type="stmt"/>
        <line num="62" count="2" type="stmt"/>
        <line num="66" count="1" type="stmt"/>
        <line num="68" count="1" type="stmt"/>
        <line num="74" count="0" type="stmt"/>
        <line num="76" count="1" type="stmt"/>
        <line num="81" count="2" type="stmt"/>
        <line num="84" count="1" type="stmt"/>
        <line num="86" count="1" type="stmt"/>
        <line num="91" count="0" type="stmt"/>
        <line num="93" count="1" type="stmt"/>
        <line num="98" count="2" type="stmt"/>
        <line num="101" count="1" type="stmt"/>
        <line num="103" count="1" type="stmt"/>
        <line num="107" count="0" type="stmt"/>
        <line num="109" count="1" type="stmt"/>
        <line num="114" count="2" type="stmt"/>
        <line num="118" count="1" type="stmt"/>
        <line num="120" count="1" type="stmt"/>
        <line num="126" count="0" type="stmt"/>
        <line num="128" count="1" type="stmt"/>
        <line num="133" count="2" type="stmt"/>
        <line num="137" count="1" type="stmt"/>
        <line num="139" count="1" type="stmt"/>
        <line num="145" count="0" type="stmt"/>
        <line num="147" count="1" type="stmt"/>
        <line num="151" count="2" type="stmt"/>
        <line num="153" count="2" type="stmt"/>
      </file>
    </package>
    <package name="src.helpers">
      <metrics statements="8" coveredstatements="7" conditionals="0" coveredconditionals="0" methods="1" coveredmethods="0"/>
      <file name="capitalize.ts" path="/Users/shimphillip/Documents/github/openweathermap-ts/src/helpers/capitalize.ts">
        <metrics statements="2" coveredstatements="1" conditionals="0" coveredconditionals="0" methods="1" coveredmethods="0"/>
        <line num="1" count="2" type="stmt"/>
        <line num="2" count="0" type="stmt"/>
      </file>
      <file name="constants.ts" path="/Users/shimphillip/Documents/github/openweathermap-ts/src/helpers/constants.ts">
        <metrics statements="4" coveredstatements="4" conditionals="0" coveredconditionals="0" methods="0" coveredmethods="0"/>
        <line num="1" count="2" type="stmt"/>
        <line num="2" count="2" type="stmt"/>
        <line num="3" count="2" type="stmt"/>
        <line num="4" count="2" type="stmt"/>
      </file>
      <file name="index.ts" path="/Users/shimphillip/Documents/github/openweathermap-ts/src/helpers/index.ts">
        <metrics statements="2" coveredstatements="2" conditionals="0" coveredconditionals="0" methods="0" coveredmethods="0"/>
        <line num="1" count="2" type="stmt"/>
        <line num="2" count="2" type="stmt"/>
      </file>
    </package>
  </project>
</coverage>
