{"/Users/shimphillip/Documents/github/openweathermap-ts/src/OpenWeather.ts": {"path":"/Users/shimphillip/Documents/github/openweathermap-ts/src/OpenWeather.ts","statementMap":{"0":{"start":{"line":1,"column":0},"end":{"line":1,"column":30}},"1":{"start":{"line":14,"column":0},"end":{"line":14,"column":45}},"2":{"start":{"line":16,"column":0},"end":{"line":16,"column":null}},"3":{"start":{"line":22,"column":4},"end":{"line":22,"column":10}},"4":{"start":{"line":23,"column":4},"end":{"line":23,"column":22}},"5":{"start":{"line":24,"column":4},"end":{"line":24,"column":19}},"6":{"start":{"line":26,"column":4},"end":{"line":30,"column":null}},"7":{"start":{"line":31,"column":4},"end":{"line":36,"column":null}},"8":{"start":{"line":37,"column":4},"end":{"line":37,"column":null}},"9":{"start":{"line":46,"column":9},"end":{"line":48,"column":null}},"10":{"start":{"line":47,"column":4},"end":{"line":47,"column":null}},"11":{"start":{"line":50,"column":9},"end":{"line":52,"column":null}},"12":{"start":{"line":51,"column":4},"end":{"line":51,"column":null}},"13":{"start":{"line":54,"column":9},"end":{"line":56,"column":null}},"14":{"start":{"line":55,"column":4},"end":{"line":55,"column":null}},"15":{"start":{"line":58,"column":9},"end":{"line":69,"column":null}},"16":{"start":{"line":59,"column":4},"end":{"line":59,"column":12}},"17":{"start":{"line":60,"column":4},"end":{"line":60,"column":9}},"18":{"start":{"line":61,"column":4},"end":{"line":61,"column":15}},"19":{"start":{"line":63,"column":4},"end":{"line":68,"column":null}},"20":{"start":{"line":71,"column":9},"end":{"line":73,"column":null}},"21":{"start":{"line":72,"column":4},"end":{"line":72,"column":null}},"22":{"start":{"line":75,"column":9},"end":{"line":81,"column":null}},"23":{"start":{"line":76,"column":4},"end":{"line":80,"column":null}},"24":{"start":{"line":83,"column":9},"end":{"line":89,"column":null}},"25":{"start":{"line":84,"column":4},"end":{"line":88,"column":null}},"26":{"start":{"line":91,"column":9},"end":{"line":97,"column":null}},"27":{"start":{"line":92,"column":4},"end":{"line":96,"column":null}},"28":{"start":{"line":99,"column":9},"end":{"line":106,"column":null}},"29":{"start":{"line":100,"column":4},"end":{"line":105,"column":null}},"30":{"start":{"line":114,"column":9},"end":{"line":116,"column":null}},"31":{"start":{"line":115,"column":4},"end":{"line":115,"column":null}},"32":{"start":{"line":118,"column":9},"end":{"line":120,"column":null}},"33":{"start":{"line":119,"column":4},"end":{"line":119,"column":null}},"34":{"start":{"line":128,"column":10},"end":{"line":132,"column":null}},"35":{"start":{"line":129,"column":10},"end":{"line":129,"column":12}},"36":{"start":{"line":129,"column":12},"end":{"line":129,"column":20}},"37":{"start":{"line":129,"column":22},"end":{"line":129,"column":39}},"38":{"start":{"line":131,"column":4},"end":{"line":131,"column":null}},"39":{"start":{"line":140,"column":9},"end":{"line":167,"column":null}},"40":{"start":{"line":140,"column":2},"end":{"line":140,"column":9}},"41":{"start":{"line":140,"column":25},"end":{"line":140,"column":33}},"42":{"start":{"line":140,"column":35},"end":{"line":140,"column":44}},"43":{"start":{"line":141,"column":4},"end":{"line":166,"column":null}},"44":{"start":{"line":141,"column":45},"end":{"line":166,"column":6}},"45":{"start":{"line":143,"column":8},"end":{"line":147,"column":null}},"46":{"start":{"line":144,"column":10},"end":{"line":146,"column":null}},"47":{"start":{"line":149,"column":14},"end":{"line":149,"column":null}},"48":{"start":{"line":150,"column":14},"end":{"line":150,"column":null}},"49":{"start":{"line":151,"column":14},"end":{"line":152,"column":null}},"50":{"start":{"line":154,"column":14},"end":{"line":156,"column":null}},"51":{"start":{"line":157,"column":14},"end":{"line":157,"column":null}},"52":{"start":{"line":159,"column":25},"end":{"line":159,"column":null}},"53":{"start":{"line":159,"column":14},"end":{"line":159,"column":null}},"54":{"start":{"line":160,"column":31},"end":{"line":160,"column":null}},"55":{"start":{"line":160,"column":14},"end":{"line":160,"column":null}},"56":{"start":{"line":162,"column":8},"end":{"line":162,"column":null}},"57":{"start":{"line":164,"column":8},"end":{"line":164,"column":null}},"58":{"start":{"line":169,"column":9},"end":{"line":193,"column":null}},"59":{"start":{"line":169,"column":2},"end":{"line":169,"column":9}},"60":{"start":{"line":169,"column":23},"end":{"line":169,"column":29}},"61":{"start":{"line":169,"column":31},"end":{"line":169,"column":40}},"62":{"start":{"line":170,"column":4},"end":{"line":192,"column":null}},"63":{"start":{"line":170,"column":45},"end":{"line":192,"column":6}},"64":{"start":{"line":172,"column":16},"end":{"line":172,"column":29}},"65":{"start":{"line":174,"column":8},"end":{"line":178,"column":null}},"66":{"start":{"line":175,"column":10},"end":{"line":177,"column":null}},"67":{"start":{"line":180,"column":8},"end":{"line":180,"column":null}},"68":{"start":{"line":182,"column":14},"end":{"line":182,"column":null}},"69":{"start":{"line":183,"column":14},"end":{"line":183,"column":null}},"70":{"start":{"line":185,"column":25},"end":{"line":185,"column":null}},"71":{"start":{"line":185,"column":14},"end":{"line":185,"column":null}},"72":{"start":{"line":186,"column":31},"end":{"line":186,"column":null}},"73":{"start":{"line":186,"column":14},"end":{"line":186,"column":null}},"74":{"start":{"line":188,"column":8},"end":{"line":188,"column":null}},"75":{"start":{"line":190,"column":8},"end":{"line":190,"column":null}},"76":{"start":{"line":195,"column":9},"end":{"line":226,"column":null}},"77":{"start":{"line":195,"column":2},"end":{"line":195,"column":9}},"78":{"start":{"line":196,"column":4},"end":{"line":196,"column":12}},"79":{"start":{"line":197,"column":4},"end":{"line":197,"column":13}},"80":{"start":{"line":198,"column":4},"end":{"line":198,"column":13}},"81":{"start":{"line":200,"column":4},"end":{"line":225,"column":null}},"82":{"start":{"line":200,"column":45},"end":{"line":225,"column":6}},"83":{"start":{"line":202,"column":8},"end":{"line":210,"column":null}},"84":{"start":{"line":207,"column":10},"end":{"line":209,"column":null}},"85":{"start":{"line":212,"column":8},"end":{"line":212,"column":null}},"86":{"start":{"line":213,"column":8},"end":{"line":213,"column":null}},"87":{"start":{"line":215,"column":14},"end":{"line":215,"column":null}},"88":{"start":{"line":216,"column":14},"end":{"line":216,"column":null}},"89":{"start":{"line":218,"column":25},"end":{"line":218,"column":null}},"90":{"start":{"line":218,"column":14},"end":{"line":218,"column":null}},"91":{"start":{"line":219,"column":31},"end":{"line":219,"column":null}},"92":{"start":{"line":219,"column":14},"end":{"line":219,"column":null}},"93":{"start":{"line":221,"column":8},"end":{"line":221,"column":null}},"94":{"start":{"line":223,"column":8},"end":{"line":223,"column":null}},"95":{"start":{"line":228,"column":9},"end":{"line":256,"column":null}},"96":{"start":{"line":228,"column":2},"end":{"line":228,"column":9}},"97":{"start":{"line":233,"column":4},"end":{"line":255,"column":null}},"98":{"start":{"line":233,"column":45},"end":{"line":255,"column":6}},"99":{"start":{"line":235,"column":16},"end":{"line":235,"column":29}},"100":{"start":{"line":237,"column":8},"end":{"line":241,"column":null}},"101":{"start":{"line":238,"column":10},"end":{"line":240,"column":null}},"102":{"start":{"line":243,"column":8},"end":{"line":243,"column":null}},"103":{"start":{"line":245,"column":14},"end":{"line":245,"column":null}},"104":{"start":{"line":246,"column":14},"end":{"line":246,"column":null}},"105":{"start":{"line":248,"column":25},"end":{"line":248,"column":null}},"106":{"start":{"line":248,"column":14},"end":{"line":248,"column":null}},"107":{"start":{"line":249,"column":31},"end":{"line":249,"column":null}},"108":{"start":{"line":249,"column":14},"end":{"line":249,"column":null}},"109":{"start":{"line":251,"column":8},"end":{"line":251,"column":null}},"110":{"start":{"line":253,"column":8},"end":{"line":253,"column":null}},"111":{"start":{"line":257,"column":0},"end":{"line":257,"column":null}},"112":{"start":{"line":259,"column":0},"end":{"line":259,"column":null}}},"fnMap":{"0":{"name":"(anonymous_15)","decl":{"start":{"line":16,"column":0},"end":{"line":16,"column":null}},"loc":{"start":{"line":16,"column":0},"end":{"line":257,"column":null}}},"1":{"name":"OpenWeather","decl":{"start":{"line":21,"column":2},"end":{"line":21,"column":14}},"loc":{"start":{"line":25,"column":20},"end":{"line":38,"column":3}}},"2":{"name":"(anonymous_17)","decl":{"start":{"line":46,"column":2},"end":{"line":46,"column":9}},"loc":{"start":{"line":46,"column":33},"end":{"line":48,"column":3}}},"3":{"name":"(anonymous_18)","decl":{"start":{"line":50,"column":2},"end":{"line":50,"column":9}},"loc":{"start":{"line":50,"column":29},"end":{"line":52,"column":3}}},"4":{"name":"(anonymous_19)","decl":{"start":{"line":54,"column":2},"end":{"line":54,"column":9}},"loc":{"start":{"line":54,"column":39},"end":{"line":56,"column":3}}},"5":{"name":"(anonymous_20)","decl":{"start":{"line":58,"column":2},"end":{"line":58,"column":9}},"loc":{"start":{"line":62,"column":32},"end":{"line":69,"column":3}}},"6":{"name":"(anonymous_21)","decl":{"start":{"line":71,"column":2},"end":{"line":71,"column":9}},"loc":{"start":{"line":71,"column":33},"end":{"line":73,"column":3}}},"7":{"name":"(anonymous_22)","decl":{"start":{"line":75,"column":2},"end":{"line":75,"column":9}},"loc":{"start":{"line":75,"column":62},"end":{"line":81,"column":3}}},"8":{"name":"(anonymous_23)","decl":{"start":{"line":83,"column":2},"end":{"line":83,"column":9}},"loc":{"start":{"line":83,"column":62},"end":{"line":89,"column":3}}},"9":{"name":"(anonymous_24)","decl":{"start":{"line":91,"column":2},"end":{"line":91,"column":9}},"loc":{"start":{"line":91,"column":2},"end":{"line":97,"column":3}}},"10":{"name":"(anonymous_25)","decl":{"start":{"line":99,"column":2},"end":{"line":99,"column":9}},"loc":{"start":{"line":99,"column":2},"end":{"line":106,"column":3}}},"11":{"name":"(anonymous_26)","decl":{"start":{"line":114,"column":2},"end":{"line":114,"column":9}},"loc":{"start":{"line":114,"column":2},"end":{"line":116,"column":3}}},"12":{"name":"(anonymous_27)","decl":{"start":{"line":118,"column":2},"end":{"line":118,"column":9}},"loc":{"start":{"line":118,"column":2},"end":{"line":120,"column":3}}},"13":{"name":"(anonymous_28)","decl":{"start":{"line":128,"column":2},"end":{"line":128,"column":10}},"loc":{"start":{"line":128,"column":54},"end":{"line":132,"column":3}}},"14":{"name":"(anonymous_29)","decl":{"start":{"line":140,"column":2},"end":{"line":140,"column":9}},"loc":{"start":{"line":140,"column":61},"end":{"line":167,"column":3}}},"15":{"name":"(anonymous_30)","decl":{"start":{"line":141,"column":23},"end":{"line":141,"column":30}},"loc":{"start":{"line":141,"column":45},"end":{"line":166,"column":6}}},"16":{"name":"(anonymous_31)","decl":{"start":{"line":141,"column":45},"end":{"line":141,"column":null}},"loc":{"start":{"line":141,"column":45},"end":{"line":166,"column":6}}},"17":{"name":"(anonymous_33)","decl":{"start":{"line":169,"column":2},"end":{"line":169,"column":9}},"loc":{"start":{"line":169,"column":55},"end":{"line":193,"column":3}}},"18":{"name":"(anonymous_34)","decl":{"start":{"line":170,"column":23},"end":{"line":170,"column":30}},"loc":{"start":{"line":170,"column":45},"end":{"line":192,"column":6}}},"19":{"name":"(anonymous_35)","decl":{"start":{"line":170,"column":45},"end":{"line":170,"column":null}},"loc":{"start":{"line":170,"column":45},"end":{"line":192,"column":6}}},"20":{"name":"(anonymous_37)","decl":{"start":{"line":195,"column":2},"end":{"line":195,"column":9}},"loc":{"start":{"line":199,"column":24},"end":{"line":226,"column":3}}},"21":{"name":"(anonymous_38)","decl":{"start":{"line":200,"column":23},"end":{"line":200,"column":30}},"loc":{"start":{"line":200,"column":45},"end":{"line":225,"column":6}}},"22":{"name":"(anonymous_39)","decl":{"start":{"line":200,"column":45},"end":{"line":200,"column":null}},"loc":{"start":{"line":200,"column":45},"end":{"line":225,"column":6}}},"23":{"name":"(anonymous_41)","decl":{"start":{"line":228,"column":2},"end":{"line":228,"column":9}},"loc":{"start":{"line":231,"column":29},"end":{"line":256,"column":3}}},"24":{"name":"(anonymous_42)","decl":{"start":{"line":233,"column":23},"end":{"line":233,"column":30}},"loc":{"start":{"line":233,"column":45},"end":{"line":255,"column":6}}},"25":{"name":"(anonymous_43)","decl":{"start":{"line":233,"column":45},"end":{"line":233,"column":null}},"loc":{"start":{"line":233,"column":45},"end":{"line":255,"column":6}}}},"branchMap":{"0":{"loc":{"start":{"line":23,"column":4},"end":{"line":23,"column":22}},"type":"cond-expr","locations":[{"start":{"line":23,"column":4},"end":{"line":23,"column":22}},{"start":{"line":23,"column":4},"end":{"line":23,"column":22}}]},"1":{"loc":{"start":{"line":24,"column":4},"end":{"line":24,"column":19}},"type":"cond-expr","locations":[{"start":{"line":24,"column":4},"end":{"line":24,"column":19}},{"start":{"line":24,"column":4},"end":{"line":24,"column":19}}]},"2":{"loc":{"start":{"line":143,"column":8},"end":{"line":147,"column":null}},"type":"if","locations":[{"start":{"line":143,"column":8},"end":{"line":147,"column":null}},{"start":{"line":143,"column":8},"end":{"line":147,"column":null}}]},"3":{"loc":{"start":{"line":143,"column":12},"end":{"line":143,"column":35}},"type":"binary-expr","locations":[{"start":{"line":143,"column":12},"end":{"line":143,"column":35}},{"start":{"line":143,"column":35},"end":{"line":143,"column":63}}]},"4":{"loc":{"start":{"line":143,"column":21},"end":{"line":143,"column":23}},"type":"cond-expr","locations":[{"start":{"line":143,"column":21},"end":{"line":143,"column":23}},{"start":{"line":143,"column":13},"end":{"line":143,"column":31}}]},"5":{"loc":{"start":{"line":143,"column":13},"end":{"line":143,"column":23}},"type":"binary-expr","locations":[{"start":{"line":143,"column":13},"end":{"line":143,"column":23}},{"start":{"line":143,"column":13},"end":{"line":143,"column":23}}]},"6":{"loc":{"start":{"line":149,"column":25},"end":{"line":149,"column":43}},"type":"binary-expr","locations":[{"start":{"line":149,"column":25},"end":{"line":149,"column":43}},{"start":{"line":149,"column":47},"end":{"line":149,"column":74}}]},"7":{"loc":{"start":{"line":149,"column":33},"end":{"line":149,"column":35}},"type":"cond-expr","locations":[{"start":{"line":149,"column":33},"end":{"line":149,"column":35}},{"start":{"line":149,"column":25},"end":{"line":149,"column":43}}]},"8":{"loc":{"start":{"line":149,"column":25},"end":{"line":149,"column":35}},"type":"binary-expr","locations":[{"start":{"line":149,"column":25},"end":{"line":149,"column":35}},{"start":{"line":149,"column":25},"end":{"line":149,"column":35}}]},"9":{"loc":{"start":{"line":150,"column":22},"end":{"line":150,"column":37}},"type":"binary-expr","locations":[{"start":{"line":150,"column":22},"end":{"line":150,"column":37}},{"start":{"line":150,"column":41},"end":{"line":150,"column":65}}]},"10":{"loc":{"start":{"line":150,"column":30},"end":{"line":150,"column":32}},"type":"cond-expr","locations":[{"start":{"line":150,"column":30},"end":{"line":150,"column":32}},{"start":{"line":150,"column":22},"end":{"line":150,"column":37}}]},"11":{"loc":{"start":{"line":150,"column":22},"end":{"line":150,"column":32}},"type":"binary-expr","locations":[{"start":{"line":150,"column":22},"end":{"line":150,"column":32}},{"start":{"line":150,"column":22},"end":{"line":150,"column":32}}]},"12":{"loc":{"start":{"line":152,"column":10},"end":{"line":152,"column":31}},"type":"binary-expr","locations":[{"start":{"line":152,"column":10},"end":{"line":152,"column":31}},{"start":{"line":152,"column":35},"end":{"line":152,"column":65}}]},"13":{"loc":{"start":{"line":152,"column":18},"end":{"line":152,"column":20}},"type":"cond-expr","locations":[{"start":{"line":152,"column":18},"end":{"line":152,"column":20}},{"start":{"line":152,"column":10},"end":{"line":152,"column":31}}]},"14":{"loc":{"start":{"line":152,"column":10},"end":{"line":152,"column":20}},"type":"binary-expr","locations":[{"start":{"line":152,"column":10},"end":{"line":152,"column":20}},{"start":{"line":152,"column":10},"end":{"line":152,"column":20}}]},"15":{"loc":{"start":{"line":154,"column":46},"end":{"line":154,"column":57}},"type":"cond-expr","locations":[{"start":{"line":154,"column":46},"end":{"line":154,"column":57}},{"start":{"line":154,"column":60},"end":{"line":154,"column":62}}]},"16":{"loc":{"start":{"line":155,"column":24},"end":{"line":155,"column":41}},"type":"cond-expr","locations":[{"start":{"line":155,"column":24},"end":{"line":155,"column":41}},{"start":{"line":155,"column":44},"end":{"line":155,"column":46}}]},"17":{"loc":{"start":{"line":174,"column":8},"end":{"line":178,"column":null}},"type":"if","locations":[{"start":{"line":174,"column":8},"end":{"line":178,"column":null}},{"start":{"line":174,"column":8},"end":{"line":178,"column":null}}]},"18":{"loc":{"start":{"line":174,"column":12},"end":{"line":174,"column":19}},"type":"binary-expr","locations":[{"start":{"line":174,"column":12},"end":{"line":174,"column":19}},{"start":{"line":174,"column":23},"end":{"line":174,"column":39}}]},"19":{"loc":{"start":{"line":180,"column":17},"end":{"line":180,"column":23}},"type":"binary-expr","locations":[{"start":{"line":180,"column":17},"end":{"line":180,"column":23}},{"start":{"line":180,"column":27},"end":{"line":180,"column":42}}]},"20":{"loc":{"start":{"line":202,"column":8},"end":{"line":210,"column":null}},"type":"if","locations":[{"start":{"line":202,"column":8},"end":{"line":210,"column":null}},{"start":{"line":202,"column":8},"end":{"line":210,"column":null}}]},"21":{"loc":{"start":{"line":203,"column":11},"end":{"line":203,"column":20}},"type":"binary-expr","locations":[{"start":{"line":203,"column":11},"end":{"line":203,"column":20}},{"start":{"line":203,"column":24},"end":{"line":203,"column":34}},{"start":{"line":204,"column":11},"end":{"line":204,"column":49}},{"start":{"line":205,"column":12},"end":{"line":205,"column":51}}]},"22":{"loc":{"start":{"line":212,"column":19},"end":{"line":212,"column":27}},"type":"binary-expr","locations":[{"start":{"line":212,"column":19},"end":{"line":212,"column":27}},{"start":{"line":212,"column":31},"end":{"line":212,"column":68}}]},"23":{"loc":{"start":{"line":213,"column":20},"end":{"line":213,"column":29}},"type":"binary-expr","locations":[{"start":{"line":213,"column":20},"end":{"line":213,"column":29}},{"start":{"line":213,"column":33},"end":{"line":213,"column":71}}]},"24":{"loc":{"start":{"line":237,"column":8},"end":{"line":241,"column":null}},"type":"if","locations":[{"start":{"line":237,"column":8},"end":{"line":241,"column":null}},{"start":{"line":237,"column":8},"end":{"line":241,"column":null}}]},"25":{"loc":{"start":{"line":237,"column":12},"end":{"line":237,"column":20}},"type":"binary-expr","locations":[{"start":{"line":237,"column":12},"end":{"line":237,"column":20}},{"start":{"line":237,"column":24},"end":{"line":237,"column":49}}]},"26":{"loc":{"start":{"line":243,"column":18},"end":{"line":243,"column":25}},"type":"binary-expr","locations":[{"start":{"line":243,"column":18},"end":{"line":243,"column":25}},{"start":{"line":243,"column":29},"end":{"line":243,"column":53}}]},"27":{"loc":{"start":{"line":245,"column":53},"end":{"line":245,"column":70}},"type":"cond-expr","locations":[{"start":{"line":245,"column":53},"end":{"line":245,"column":70}},{"start":{"line":245,"column":73},"end":{"line":245,"column":75}}]}},"s":{"0":3,"1":3,"2":3,"3":3,"4":6,"5":6,"6":3,"7":3,"8":3,"9":3,"10":1,"11":3,"12":1,"13":3,"14":1,"15":3,"16":2,"17":2,"18":2,"19":2,"20":3,"21":1,"22":3,"23":1,"24":3,"25":1,"26":3,"27":1,"28":3,"29":1,"30":3,"31":4,"32":3,"33":6,"34":3,"35":0,"36":0,"37":0,"38":0,"39":3,"40":4,"41":4,"42":4,"43":4,"44":4,"45":4,"46":4,"47":0,"48":0,"49":0,"50":0,"51":0,"52":0,"53":0,"54":0,"55":0,"56":0,"57":4,"58":3,"59":2,"60":2,"61":2,"62":2,"63":2,"64":2,"65":2,"66":2,"67":0,"68":0,"69":0,"70":0,"71":0,"72":0,"73":0,"74":0,"75":2,"76":3,"77":3,"78":3,"79":3,"80":3,"81":3,"82":3,"83":3,"84":3,"85":0,"86":0,"87":0,"88":0,"89":0,"90":0,"91":0,"92":0,"93":0,"94":3,"95":3,"96":2,"97":2,"98":2,"99":2,"100":2,"101":2,"102":0,"103":0,"104":0,"105":0,"106":0,"107":0,"108":0,"109":0,"110":2,"111":3,"112":3},"f":{"0":3,"1":3,"2":1,"3":1,"4":1,"5":2,"6":1,"7":1,"8":1,"9":1,"10":1,"11":4,"12":6,"13":0,"14":4,"15":4,"16":4,"17":2,"18":2,"19":2,"20":3,"21":3,"22":3,"23":2,"24":2,"25":2},"b":{"0":[3,0],"1":[3,0],"2":[4,0],"3":[4,4],"4":[3,1],"5":[4,4],"6":[0,0],"7":[0,0],"8":[0,0],"9":[0,0],"10":[0,0],"11":[0,0],"12":[0,0],"13":[0,0],"14":[0,0],"15":[0,0],"16":[0,0],"17":[2,0],"18":[2,2],"19":[0,0],"20":[3,0],"21":[3,1,3,0],"22":[0,0],"23":[0,0],"24":[2,0],"25":[2,2],"26":[0,0],"27":[0,0]}}
,"/Users/shimphillip/Documents/github/openweathermap-ts/src/app.ts": {"path":"/Users/shimphillip/Documents/github/openweathermap-ts/src/app.ts","statementMap":{"0":{"start":{"line":1,"column":0},"end":{"line":1,"column":39}},"1":{"start":{"line":8,"column":0},"end":{"line":8,"column":45}},"2":{"start":{"line":10,"column":0},"end":{"line":10,"column":null}},"3":{"start":{"line":10,"column":29},"end":{"line":10,"column":40}},"4":{"start":{"line":11,"column":9},"end":{"line":25,"column":null}},"5":{"start":{"line":11,"column":2},"end":{"line":11,"column":9}},"6":{"start":{"line":14,"column":4},"end":{"line":24,"column":null}},"7":{"start":{"line":14,"column":45},"end":{"line":24,"column":6}},"8":{"start":{"line":16,"column":32},"end":{"line":19,"column":30}},"9":{"start":{"line":16,"column":14},"end":{"line":19,"column":null}},"10":{"start":{"line":20,"column":8},"end":{"line":20,"column":null}},"11":{"start":{"line":22,"column":8},"end":{"line":22,"column":null}},"12":{"start":{"line":27,"column":15},"end":{"line":41,"column":null}},"13":{"start":{"line":30,"column":4},"end":{"line":40,"column":null}},"14":{"start":{"line":30,"column":45},"end":{"line":40,"column":6}},"15":{"start":{"line":32,"column":32},"end":{"line":35,"column":30}},"16":{"start":{"line":32,"column":14},"end":{"line":35,"column":null}},"17":{"start":{"line":36,"column":8},"end":{"line":36,"column":null}},"18":{"start":{"line":38,"column":8},"end":{"line":38,"column":null}},"19":{"start":{"line":43,"column":15},"end":{"line":60,"column":null}},"20":{"start":{"line":47,"column":4},"end":{"line":59,"column":null}},"21":{"start":{"line":47,"column":45},"end":{"line":59,"column":6}},"22":{"start":{"line":49,"column":32},"end":{"line":53,"column":30}},"23":{"start":{"line":49,"column":14},"end":{"line":53,"column":null}},"24":{"start":{"line":55,"column":8},"end":{"line":55,"column":null}},"25":{"start":{"line":57,"column":8},"end":{"line":57,"column":null}},"26":{"start":{"line":62,"column":15},"end":{"line":79,"column":null}},"27":{"start":{"line":66,"column":4},"end":{"line":78,"column":null}},"28":{"start":{"line":66,"column":45},"end":{"line":78,"column":6}},"29":{"start":{"line":68,"column":32},"end":{"line":72,"column":29}},"30":{"start":{"line":68,"column":14},"end":{"line":72,"column":null}},"31":{"start":{"line":74,"column":8},"end":{"line":74,"column":null}},"32":{"start":{"line":76,"column":8},"end":{"line":76,"column":null}},"33":{"start":{"line":81,"column":9},"end":{"line":96,"column":null}},"34":{"start":{"line":81,"column":2},"end":{"line":81,"column":9}},"35":{"start":{"line":84,"column":4},"end":{"line":95,"column":null}},"36":{"start":{"line":84,"column":45},"end":{"line":95,"column":6}},"37":{"start":{"line":86,"column":32},"end":{"line":89,"column":32}},"38":{"start":{"line":86,"column":14},"end":{"line":89,"column":null}},"39":{"start":{"line":91,"column":8},"end":{"line":91,"column":null}},"40":{"start":{"line":93,"column":8},"end":{"line":93,"column":null}},"41":{"start":{"line":98,"column":9},"end":{"line":112,"column":null}},"42":{"start":{"line":98,"column":2},"end":{"line":98,"column":9}},"43":{"start":{"line":101,"column":4},"end":{"line":111,"column":null}},"44":{"start":{"line":101,"column":45},"end":{"line":111,"column":6}},"45":{"start":{"line":103,"column":32},"end":{"line":106,"column":32}},"46":{"start":{"line":103,"column":14},"end":{"line":106,"column":null}},"47":{"start":{"line":107,"column":8},"end":{"line":107,"column":null}},"48":{"start":{"line":109,"column":8},"end":{"line":109,"column":null}},"49":{"start":{"line":114,"column":9},"end":{"line":131,"column":null}},"50":{"start":{"line":114,"column":2},"end":{"line":114,"column":9}},"51":{"start":{"line":118,"column":4},"end":{"line":130,"column":null}},"52":{"start":{"line":118,"column":45},"end":{"line":130,"column":6}},"53":{"start":{"line":120,"column":32},"end":{"line":124,"column":32}},"54":{"start":{"line":120,"column":14},"end":{"line":124,"column":null}},"55":{"start":{"line":126,"column":8},"end":{"line":126,"column":null}},"56":{"start":{"line":128,"column":8},"end":{"line":128,"column":null}},"57":{"start":{"line":133,"column":15},"end":{"line":150,"column":null}},"58":{"start":{"line":137,"column":4},"end":{"line":149,"column":null}},"59":{"start":{"line":137,"column":45},"end":{"line":149,"column":6}},"60":{"start":{"line":139,"column":32},"end":{"line":143,"column":31}},"61":{"start":{"line":139,"column":14},"end":{"line":143,"column":null}},"62":{"start":{"line":145,"column":8},"end":{"line":145,"column":null}},"63":{"start":{"line":147,"column":8},"end":{"line":147,"column":null}},"64":{"start":{"line":151,"column":0},"end":{"line":151,"column":null}},"65":{"start":{"line":153,"column":0},"end":{"line":153,"column":null}}},"fnMap":{"0":{"name":"(anonymous_19)","decl":{"start":{"line":10,"column":0},"end":{"line":10,"column":29}},"loc":{"start":{"line":10,"column":0},"end":{"line":151,"column":null}}},"1":{"name":"(anonymous_21)","decl":{"start":{"line":11,"column":2},"end":{"line":11,"column":9}},"loc":{"start":{"line":12,"column":33},"end":{"line":25,"column":3}}},"2":{"name":"(anonymous_22)","decl":{"start":{"line":14,"column":23},"end":{"line":14,"column":30}},"loc":{"start":{"line":14,"column":45},"end":{"line":24,"column":6}}},"3":{"name":"(anonymous_23)","decl":{"start":{"line":14,"column":45},"end":{"line":14,"column":null}},"loc":{"start":{"line":14,"column":45},"end":{"line":24,"column":6}}},"4":{"name":"(anonymous_25)","decl":{"start":{"line":27,"column":2},"end":{"line":27,"column":15}},"loc":{"start":{"line":28,"column":19},"end":{"line":41,"column":null}}},"5":{"name":"(anonymous_28)","decl":{"start":{"line":30,"column":23},"end":{"line":30,"column":30}},"loc":{"start":{"line":30,"column":45},"end":{"line":40,"column":6}}},"6":{"name":"(anonymous_29)","decl":{"start":{"line":30,"column":45},"end":{"line":30,"column":null}},"loc":{"start":{"line":30,"column":45},"end":{"line":40,"column":6}}},"7":{"name":"(anonymous_31)","decl":{"start":{"line":43,"column":2},"end":{"line":43,"column":15}},"loc":{"start":{"line":45,"column":22},"end":{"line":60,"column":null}}},"8":{"name":"(anonymous_34)","decl":{"start":{"line":47,"column":23},"end":{"line":47,"column":30}},"loc":{"start":{"line":47,"column":45},"end":{"line":59,"column":6}}},"9":{"name":"(anonymous_35)","decl":{"start":{"line":47,"column":45},"end":{"line":47,"column":null}},"loc":{"start":{"line":47,"column":45},"end":{"line":59,"column":6}}},"10":{"name":"(anonymous_37)","decl":{"start":{"line":62,"column":2},"end":{"line":62,"column":15}},"loc":{"start":{"line":64,"column":29},"end":{"line":79,"column":null}}},"11":{"name":"(anonymous_40)","decl":{"start":{"line":66,"column":23},"end":{"line":66,"column":30}},"loc":{"start":{"line":66,"column":45},"end":{"line":78,"column":6}}},"12":{"name":"(anonymous_41)","decl":{"start":{"line":66,"column":45},"end":{"line":66,"column":null}},"loc":{"start":{"line":66,"column":45},"end":{"line":78,"column":6}}},"13":{"name":"(anonymous_43)","decl":{"start":{"line":81,"column":2},"end":{"line":81,"column":9}},"loc":{"start":{"line":82,"column":33},"end":{"line":96,"column":3}}},"14":{"name":"(anonymous_44)","decl":{"start":{"line":84,"column":23},"end":{"line":84,"column":30}},"loc":{"start":{"line":84,"column":45},"end":{"line":95,"column":6}}},"15":{"name":"(anonymous_45)","decl":{"start":{"line":84,"column":45},"end":{"line":84,"column":null}},"loc":{"start":{"line":84,"column":45},"end":{"line":95,"column":6}}},"16":{"name":"(anonymous_47)","decl":{"start":{"line":98,"column":2},"end":{"line":98,"column":9}},"loc":{"start":{"line":99,"column":19},"end":{"line":112,"column":3}}},"17":{"name":"(anonymous_48)","decl":{"start":{"line":101,"column":23},"end":{"line":101,"column":30}},"loc":{"start":{"line":101,"column":45},"end":{"line":111,"column":6}}},"18":{"name":"(anonymous_49)","decl":{"start":{"line":101,"column":45},"end":{"line":101,"column":null}},"loc":{"start":{"line":101,"column":45},"end":{"line":111,"column":6}}},"19":{"name":"(anonymous_51)","decl":{"start":{"line":114,"column":2},"end":{"line":114,"column":9}},"loc":{"start":{"line":116,"column":22},"end":{"line":131,"column":3}}},"20":{"name":"(anonymous_52)","decl":{"start":{"line":118,"column":23},"end":{"line":118,"column":30}},"loc":{"start":{"line":118,"column":45},"end":{"line":130,"column":6}}},"21":{"name":"(anonymous_53)","decl":{"start":{"line":118,"column":45},"end":{"line":118,"column":null}},"loc":{"start":{"line":118,"column":45},"end":{"line":130,"column":6}}},"22":{"name":"(anonymous_55)","decl":{"start":{"line":133,"column":2},"end":{"line":133,"column":15}},"loc":{"start":{"line":135,"column":29},"end":{"line":150,"column":null}}},"23":{"name":"(anonymous_58)","decl":{"start":{"line":137,"column":23},"end":{"line":137,"column":30}},"loc":{"start":{"line":137,"column":45},"end":{"line":149,"column":6}}},"24":{"name":"(anonymous_59)","decl":{"start":{"line":137,"column":45},"end":{"line":137,"column":null}},"loc":{"start":{"line":137,"column":45},"end":{"line":149,"column":6}}}},"branchMap":{},"s":{"0":2,"1":2,"2":2,"3":2,"4":2,"5":2,"6":2,"7":2,"8":2,"9":2,"10":0,"11":2,"12":2,"13":1,"14":1,"15":1,"16":1,"17":0,"18":1,"19":2,"20":2,"21":2,"22":2,"23":2,"24":0,"25":2,"26":2,"27":1,"28":1,"29":1,"30":1,"31":0,"32":1,"33":2,"34":1,"35":1,"36":1,"37":1,"38":1,"39":0,"40":1,"41":2,"42":1,"43":1,"44":1,"45":1,"46":1,"47":0,"48":1,"49":2,"50":1,"51":1,"52":1,"53":1,"54":1,"55":0,"56":1,"57":2,"58":1,"59":1,"60":1,"61":1,"62":0,"63":1,"64":2,"65":2},"f":{"0":4,"1":2,"2":2,"3":2,"4":1,"5":1,"6":1,"7":2,"8":2,"9":2,"10":1,"11":1,"12":1,"13":1,"14":1,"15":1,"16":1,"17":1,"18":1,"19":1,"20":1,"21":1,"22":1,"23":1,"24":1},"b":{}}
,"/Users/shimphillip/Documents/github/openweathermap-ts/src/helpers/constants.ts": {"path":"/Users/shimphillip/Documents/github/openweathermap-ts/src/helpers/constants.ts","statementMap":{"0":{"start":{"line":1,"column":13},"end":{"line":1,"column":null}},"1":{"start":{"line":2,"column":13},"end":{"line":2,"column":null}},"2":{"start":{"line":3,"column":13},"end":{"line":3,"column":null}},"3":{"start":{"line":4,"column":13},"end":{"line":4,"column":null}}},"fnMap":{},"branchMap":{},"s":{"0":3,"1":3,"2":3,"3":3},"f":{},"b":{}}
,"/Users/shimphillip/Documents/github/openweathermap-ts/src/helpers/index.ts": {"path":"/Users/shimphillip/Documents/github/openweathermap-ts/src/helpers/index.ts","statementMap":{"0":{"start":{"line":1,"column":0},"end":{"line":1,"column":27}}},"fnMap":{},"branchMap":{},"s":{"0":3},"f":{},"b":{}}
}
