TN:
SF:src/OpenWeather.ts
FN:16,(anonymous_15)
FN:21,OpenWeather
FN:46,(anonymous_17)
FN:50,(anonymous_18)
FN:54,(anonymous_19)
FN:58,(anonymous_20)
FN:71,(anonymous_21)
FN:75,(anonymous_22)
FN:83,(anonymous_23)
FN:91,(anonymous_24)
FN:99,(anonymous_25)
FN:114,(anonymous_26)
FN:118,(anonymous_27)
FN:128,(anonymous_28)
FN:140,(anonymous_29)
FN:141,(anonymous_30)
FN:141,(anonymous_31)
FN:169,(anonymous_33)
FN:170,(anonymous_34)
FN:170,(anonymous_35)
FN:195,(anonymous_37)
FN:200,(anonymous_38)
FN:200,(anonymous_39)
FN:228,(anonymous_41)
FN:233,(anonymous_42)
FN:233,(anonymous_43)
FNF:26
FNH:21
FNDA:2,(anonymous_15)
FNDA:2,OpenWeather
FNDA:1,(anonymous_17)
FNDA:1,(anonymous_18)
FNDA:0,(anonymous_19)
FNDA:2,(anonymous_20)
FNDA:0,(anonymous_21)
FNDA:0,(anonymous_22)
FNDA:0,(anonymous_23)
FNDA:1,(anonymous_24)
FNDA:1,(anonymous_25)
FNDA:3,(anonymous_26)
FNDA:3,(anonymous_27)
FNDA:0,(anonymous_28)
FNDA:3,(anonymous_29)
FNDA:3,(anonymous_30)
FNDA:3,(anonymous_31)
FNDA:2,(anonymous_33)
FNDA:2,(anonymous_34)
FNDA:2,(anonymous_35)
FNDA:3,(anonymous_37)
FNDA:3,(anonymous_38)
FNDA:3,(anonymous_39)
FNDA:2,(anonymous_41)
FNDA:2,(anonymous_42)
FNDA:2,(anonymous_43)
DA:1,2
DA:14,2
DA:16,2
DA:22,2
DA:23,4
DA:24,4
DA:26,2
DA:31,2
DA:37,2
DA:46,2
DA:47,1
DA:50,2
DA:51,1
DA:54,2
DA:55,0
DA:58,2
DA:59,2
DA:60,2
DA:61,2
DA:63,2
DA:71,2
DA:72,0
DA:75,2
DA:76,0
DA:83,2
DA:84,0
DA:91,2
DA:92,1
DA:99,2
DA:100,1
DA:114,2
DA:115,3
DA:118,2
DA:119,3
DA:128,2
DA:129,0
DA:131,0
DA:140,3
DA:141,3
DA:143,3
DA:144,3
DA:149,0
DA:150,0
DA:151,0
DA:154,0
DA:157,0
DA:159,0
DA:160,0
DA:162,0
DA:164,3
DA:169,2
DA:170,2
DA:172,2
DA:174,2
DA:175,2
DA:180,0
DA:182,0
DA:183,0
DA:185,0
DA:186,0
DA:188,0
DA:190,2
DA:195,3
DA:196,3
DA:197,3
DA:198,3
DA:200,3
DA:202,3
DA:207,3
DA:212,0
DA:213,0
DA:215,0
DA:216,0
DA:218,0
DA:219,0
DA:221,0
DA:223,3
DA:228,2
DA:233,2
DA:235,2
DA:237,2
DA:238,2
DA:243,0
DA:245,0
DA:246,0
DA:248,0
DA:249,0
DA:251,0
DA:253,2
DA:257,2
DA:259,2
LF:91
LH:58
BRDA:23,0,0,2
BRDA:23,0,1,0
BRDA:24,1,0,2
BRDA:24,1,1,0
BRDA:143,2,0,3
BRDA:143,2,1,0
BRDA:143,3,0,3
BRDA:143,3,1,3
BRDA:143,4,0,2
BRDA:143,4,1,1
BRDA:143,5,0,3
BRDA:143,5,1,3
BRDA:149,6,0,0
BRDA:149,6,1,0
BRDA:149,7,0,0
BRDA:149,7,1,0
BRDA:149,8,0,0
BRDA:149,8,1,0
BRDA:150,9,0,0
BRDA:150,9,1,0
BRDA:150,10,0,0
BRDA:150,10,1,0
BRDA:150,11,0,0
BRDA:150,11,1,0
BRDA:152,12,0,0
BRDA:152,12,1,0
BRDA:152,13,0,0
BRDA:152,13,1,0
BRDA:152,14,0,0
BRDA:152,14,1,0
BRDA:154,15,0,0
BRDA:154,15,1,0
BRDA:155,16,0,0
BRDA:155,16,1,0
BRDA:174,17,0,2
BRDA:174,17,1,0
BRDA:174,18,0,2
BRDA:174,18,1,2
BRDA:180,19,0,0
BRDA:180,19,1,0
BRDA:202,20,0,3
BRDA:202,20,1,0
BRDA:203,21,0,3
BRDA:203,21,1,1
BRDA:203,21,2,3
BRDA:203,21,3,0
BRDA:212,22,0,0
BRDA:212,22,1,0
BRDA:213,23,0,0
BRDA:213,23,1,0
BRDA:237,24,0,2
BRDA:237,24,1,0
BRDA:237,25,0,2
BRDA:237,25,1,2
BRDA:243,26,0,0
BRDA:243,26,1,0
BRDA:245,27,0,0
BRDA:245,27,1,0
BRF:58
BRH:19
end_of_record
TN:
SF:src/app.ts
FN:10,(anonymous_19)
FN:11,(anonymous_21)
FN:14,(anonymous_22)
FN:14,(anonymous_23)
FN:27,(anonymous_25)
FN:30,(anonymous_28)
FN:30,(anonymous_29)
FN:43,(anonymous_31)
FN:47,(anonymous_34)
FN:47,(anonymous_35)
FN:62,(anonymous_37)
FN:66,(anonymous_40)
FN:66,(anonymous_41)
FN:81,(anonymous_43)
FN:84,(anonymous_44)
FN:84,(anonymous_45)
FN:98,(anonymous_47)
FN:101,(anonymous_48)
FN:101,(anonymous_49)
FN:114,(anonymous_51)
FN:118,(anonymous_52)
FN:118,(anonymous_53)
FN:133,(anonymous_55)
FN:137,(anonymous_58)
FN:137,(anonymous_59)
FNF:25
FNH:25
FNDA:4,(anonymous_19)
FNDA:2,(anonymous_21)
FNDA:2,(anonymous_22)
FNDA:2,(anonymous_23)
FNDA:1,(anonymous_25)
FNDA:1,(anonymous_28)
FNDA:1,(anonymous_29)
FNDA:2,(anonymous_31)
FNDA:2,(anonymous_34)
FNDA:2,(anonymous_35)
FNDA:1,(anonymous_37)
FNDA:1,(anonymous_40)
FNDA:1,(anonymous_41)
FNDA:1,(anonymous_43)
FNDA:1,(anonymous_44)
FNDA:1,(anonymous_45)
FNDA:1,(anonymous_47)
FNDA:1,(anonymous_48)
FNDA:1,(anonymous_49)
FNDA:1,(anonymous_51)
FNDA:1,(anonymous_52)
FNDA:1,(anonymous_53)
FNDA:1,(anonymous_55)
FNDA:1,(anonymous_58)
FNDA:1,(anonymous_59)
DA:1,2
DA:8,2
DA:10,2
DA:11,2
DA:14,2
DA:16,2
DA:20,0
DA:22,2
DA:27,2
DA:30,1
DA:32,1
DA:36,0
DA:38,1
DA:43,2
DA:47,2
DA:49,2
DA:55,0
DA:57,2
DA:62,2
DA:66,1
DA:68,1
DA:74,0
DA:76,1
DA:81,2
DA:84,1
DA:86,1
DA:91,0
DA:93,1
DA:98,2
DA:101,1
DA:103,1
DA:107,0
DA:109,1
DA:114,2
DA:118,1
DA:120,1
DA:126,0
DA:128,1
DA:133,2
DA:137,1
DA:139,1
DA:145,0
DA:147,1
DA:151,2
DA:153,2
LF:45
LH:37
BRF:0
BRH:0
end_of_record
TN:
SF:src/helpers/capitalize.ts
FN:1,(anonymous_0)
FNF:1
FNH:0
FNDA:0,(anonymous_0)
DA:1,2
DA:2,0
LF:2
LH:1
BRF:0
BRH:0
end_of_record
TN:
SF:src/helpers/constants.ts
FNF:0
FNH:0
DA:1,2
DA:2,2
DA:3,2
DA:4,2
LF:4
LH:4
BRF:0
BRH:0
end_of_record
TN:
SF:src/helpers/index.ts
FNF:0
FNH:0
DA:1,2
DA:2,2
LF:2
LH:2
BRF:0
BRH:0
end_of_record
